<?xml version="1.0" encoding="UTF-8"?>
<robot generator="Robot 6.1.1 (Python 3.7.11 on win32)" generated="20231008 20:14:03.041" rpa="false" schemaversion="4">
<suite id="s1" name="Admin Login Change Status" source="d:\CDU STUDY MATERIALS\SEMESTER 2\PRT582 SOFTWARE ENGINEERING\job-portal-django\robot\admin\admin_login_change_status\admin_login_change_status.robot">
<test id="s1-t1" name="Open Website" line="18">
<kw name="Open Browser" library="SeleniumLibrary">
<arg>${URL}</arg>
<arg>${Browser}</arg>
<doc>Opens a new browser instance to the optional ``url``.</doc>
<msg timestamp="20231008 20:14:03.737" level="INFO">Opening browser 'chrome' to base url 'http://127.0.0.1:8000/admin_login/'.</msg>
<status status="PASS" starttime="20231008 20:14:03.734" endtime="20231008 20:14:06.181"/>
</kw>
<doc>This test case verify user is able to open the URL</doc>
<status status="PASS" starttime="20231008 20:14:03.730" endtime="20231008 20:14:06.185"/>
</test>
<test id="s1-t2" name="Login to your account" line="23">
<kw name="Input Text" library="SeleniumLibrary">
<arg>username</arg>
<arg>yuvan</arg>
<doc>Types the given ``text`` into the text field identified by ``locator``.</doc>
<msg timestamp="20231008 20:14:06.201" level="INFO">Typing text 'yuvan' into text field 'username'.</msg>
<status status="PASS" starttime="20231008 20:14:06.196" endtime="20231008 20:14:06.378"/>
</kw>
<kw name="Input Text" library="SeleniumLibrary">
<arg>password</arg>
<arg>yuvan</arg>
<doc>Types the given ``text`` into the text field identified by ``locator``.</doc>
<msg timestamp="20231008 20:14:06.387" level="INFO">Typing text 'yuvan' into text field 'password'.</msg>
<status status="PASS" starttime="20231008 20:14:06.381" endtime="20231008 20:14:06.535"/>
</kw>
<kw name="Click Button" library="SeleniumLibrary">
<arg>Submit</arg>
<doc>Clicks the button identified by ``locator``.</doc>
<msg timestamp="20231008 20:14:06.542" level="INFO">Clicking button 'Submit'.</msg>
<status status="PASS" starttime="20231008 20:14:06.537" endtime="20231008 20:14:08.267"/>
</kw>
<status status="PASS" starttime="20231008 20:14:06.191" endtime="20231008 20:14:08.269"/>
</test>
<test id="s1-t3" name="Change status of a company" line="28">
<kw name="Click Link" library="SeleniumLibrary">
<arg>/change_status/5/</arg>
<doc>Clicks a link identified by ``locator``.</doc>
<msg timestamp="20231008 20:14:08.279" level="INFO">Clicking link '/change_status/5/'.</msg>
<status status="PASS" starttime="20231008 20:14:08.277" endtime="20231008 20:14:08.754"/>
</kw>
<kw name="Input Text" library="SeleniumLibrary">
<arg>company_name</arg>
<arg>Microsoft Corporation</arg>
<doc>Types the given ``text`` into the text field identified by ``locator``.</doc>
<msg timestamp="20231008 20:14:08.759" level="INFO">Typing text 'Microsoft Corporation' into text field 'company_name'.</msg>
<status status="PASS" starttime="20231008 20:14:08.755" endtime="20231008 20:14:08.864"/>
</kw>
<kw name="Select From List By Value" library="SeleniumLibrary">
<arg>id=status</arg>
<arg>Accepted</arg>
<doc>Selects options from selection list ``locator`` by ``values``.</doc>
<msg timestamp="20231008 20:14:08.870" level="INFO">Selecting options from selection list 'id=status' by value Accepted.</msg>
<status status="PASS" starttime="20231008 20:14:08.866" endtime="20231008 20:14:08.940"/>
</kw>
<kw name="Click Button" library="SeleniumLibrary">
<arg>Submit</arg>
<doc>Clicks the button identified by ``locator``.</doc>
<msg timestamp="20231008 20:14:08.945" level="INFO">Clicking button 'Submit'.</msg>
<status status="PASS" starttime="20231008 20:14:08.942" endtime="20231008 20:14:09.417"/>
</kw>
<kw name="Alert Should Be Present" library="SeleniumLibrary">
<arg>Status changed successfully.</arg>
<doc>Verifies that an alert is present and by default, accepts it.</doc>
<msg timestamp="20231008 20:14:09.420" level="INFO">HANDLE::&lt;class 'NoneType'&gt;::None</msg>
<status status="PASS" starttime="20231008 20:14:09.418" endtime="20231008 20:14:09.435"/>
</kw>
<kw name="Click Link" library="SeleniumLibrary">
<arg>/change_status/5/</arg>
<doc>Clicks a link identified by ``locator``.</doc>
<msg timestamp="20231008 20:14:09.441" level="INFO">Clicking link '/change_status/5/'.</msg>
<status status="PASS" starttime="20231008 20:14:09.438" endtime="20231008 20:14:10.317"/>
</kw>
<kw name="Input Text" library="SeleniumLibrary">
<arg>company_name</arg>
<arg>Microsoft Corporation</arg>
<doc>Types the given ``text`` into the text field identified by ``locator``.</doc>
<msg timestamp="20231008 20:14:10.322" level="INFO">Typing text 'Microsoft Corporation' into text field 'company_name'.</msg>
<status status="PASS" starttime="20231008 20:14:10.319" endtime="20231008 20:14:10.426"/>
</kw>
<kw name="Select From List By Value" library="SeleniumLibrary">
<arg>id=status</arg>
<arg>Rejected</arg>
<doc>Selects options from selection list ``locator`` by ``values``.</doc>
<msg timestamp="20231008 20:14:10.431" level="INFO">Selecting options from selection list 'id=status' by value Rejected.</msg>
<status status="PASS" starttime="20231008 20:14:10.429" endtime="20231008 20:14:10.544"/>
</kw>
<kw name="Click Button" library="SeleniumLibrary">
<arg>Submit</arg>
<doc>Clicks the button identified by ``locator``.</doc>
<msg timestamp="20231008 20:14:10.549" level="INFO">Clicking button 'Submit'.</msg>
<status status="PASS" starttime="20231008 20:14:10.546" endtime="20231008 20:14:11.016"/>
</kw>
<kw name="Alert Should Be Present" library="SeleniumLibrary">
<arg>Status changed successfully.</arg>
<doc>Verifies that an alert is present and by default, accepts it.</doc>
<msg timestamp="20231008 20:14:11.019" level="INFO">HANDLE::&lt;class 'NoneType'&gt;::None</msg>
<status status="PASS" starttime="20231008 20:14:11.018" endtime="20231008 20:14:11.029"/>
</kw>
<doc>This test case verify user is able to change the status of a company</doc>
<status status="PASS" starttime="20231008 20:14:08.272" endtime="20231008 20:14:11.032"/>
</test>
<doc>Test case to do Admin Login and change status of a company</doc>
<status status="PASS" starttime="20231008 20:14:03.056" endtime="20231008 20:14:11.039"/>
</suite>
<statistics>
<total>
<stat pass="3" fail="0" skip="0">All Tests</stat>
</total>
<tag>
</tag>
<suite>
<stat pass="3" fail="0" skip="0" id="s1" name="Admin Login Change Status">Admin Login Change Status</stat>
</suite>
</statistics>
<errors>
</errors>
</robot>
