<?xml version="1.0" encoding="UTF-8"?>
<robot generator="Robot 6.1.1 (Python 3.7.11 on win32)" generated="20231008 20:35:59.230" rpa="false" schemaversion="4">
<suite id="s1" name="Company Login Functionalities" source="d:\CDU STUDY MATERIALS\SEMESTER 2\PRT582 SOFTWARE ENGINEERING\job-portal-django\robot\company\company_login_functionalities\company_login_functionalities.robot">
<test id="s1-t1" name="Open Website" line="14">
<kw name="Open Browser" library="SeleniumLibrary">
<arg>${URL}</arg>
<arg>${Browser}</arg>
<doc>Opens a new browser instance to the optional ``url``.</doc>
<msg timestamp="20231008 20:36:00.033" level="INFO">Opening browser 'chrome' to base url 'http://127.0.0.1:8000/company_login/'.</msg>
<status status="PASS" starttime="20231008 20:36:00.030" endtime="20231008 20:36:02.521"/>
</kw>
<doc>This test case verifies that the company user is able to open the URL</doc>
<status status="PASS" starttime="20231008 20:36:00.025" endtime="20231008 20:36:02.525"/>
</test>
<test id="s1-t2" name="Login to your account" line="18">
<kw name="Input Text" library="SeleniumLibrary">
<arg>username</arg>
<arg>company@company.com</arg>
<doc>Types the given ``text`` into the text field identified by ``locator``.</doc>
<msg timestamp="20231008 20:36:02.544" level="INFO">Typing text 'company@company.com' into text field 'username'.</msg>
<status status="PASS" starttime="20231008 20:36:02.539" endtime="20231008 20:36:02.731"/>
</kw>
<kw name="Input Text" library="SeleniumLibrary">
<arg>password</arg>
<arg>company</arg>
<doc>Types the given ``text`` into the text field identified by ``locator``.</doc>
<msg timestamp="20231008 20:36:02.739" level="INFO">Typing text 'company' into text field 'password'.</msg>
<status status="PASS" starttime="20231008 20:36:02.734" endtime="20231008 20:36:02.869"/>
</kw>
<kw name="Click Button" library="SeleniumLibrary">
<arg>Submit</arg>
<doc>Clicks the button identified by ``locator``.</doc>
<msg timestamp="20231008 20:36:02.876" level="INFO">Clicking button 'Submit'.</msg>
<status status="PASS" starttime="20231008 20:36:02.871" endtime="20231008 20:36:03.437"/>
</kw>
<doc>This test case verifies a successful login for the company user</doc>
<status status="PASS" starttime="20231008 20:36:02.531" endtime="20231008 20:36:03.441"/>
</test>
<test id="s1-t3" name="Logout" line="24">
<kw name="Click Element" library="SeleniumLibrary">
<arg>//a[@href='/logout/']</arg>
<doc>Click the element identified by ``locator``.</doc>
<msg timestamp="20231008 20:36:03.466" level="INFO">Clicking element '//a[@href='/logout/']'.</msg>
<status status="PASS" starttime="20231008 20:36:03.459" endtime="20231008 20:36:04.038"/>
</kw>
<doc>This test case verifies that the company user can successfully logout</doc>
<status status="PASS" starttime="20231008 20:36:03.447" endtime="20231008 20:36:04.046"/>
</test>
<test id="s1-t4" name="Open Website" line="28">
<kw name="Open Browser" library="SeleniumLibrary">
<arg>${URL}</arg>
<arg>${Browser}</arg>
<doc>Opens a new browser instance to the optional ``url``.</doc>
<msg timestamp="20231008 20:36:04.068" level="INFO">Opening browser 'chrome' to base url 'http://127.0.0.1:8000/company_login/'.</msg>
<status status="PASS" starttime="20231008 20:36:04.064" endtime="20231008 20:36:06.438"/>
</kw>
<doc>This test case verifies that the company user is able to open the URL</doc>
<status status="PASS" starttime="20231008 20:36:04.056" endtime="20231008 20:36:06.444"/>
</test>
<test id="s1-t5" name="Login with Invalid Credentials" line="32">
<kw name="Input Text" library="SeleniumLibrary">
<arg>username</arg>
<arg>invalid_user@abc.com</arg>
<doc>Types the given ``text`` into the text field identified by ``locator``.</doc>
<msg timestamp="20231008 20:36:06.465" level="INFO">Typing text 'invalid_user@abc.com' into text field 'username'.</msg>
<status status="PASS" starttime="20231008 20:36:06.460" endtime="20231008 20:36:06.642"/>
</kw>
<kw name="Input Text" library="SeleniumLibrary">
<arg>password</arg>
<arg>invalid_password</arg>
<doc>Types the given ``text`` into the text field identified by ``locator``.</doc>
<msg timestamp="20231008 20:36:06.647" level="INFO">Typing text 'invalid_password' into text field 'password'.</msg>
<status status="PASS" starttime="20231008 20:36:06.644" endtime="20231008 20:36:06.803"/>
</kw>
<kw name="Click Button" library="SeleniumLibrary">
<arg>Submit</arg>
<doc>Clicks the button identified by ``locator``.</doc>
<msg timestamp="20231008 20:36:06.808" level="INFO">Clicking button 'Submit'.</msg>
<status status="PASS" starttime="20231008 20:36:06.805" endtime="20231008 20:36:07.087"/>
</kw>
<kw name="Alert Should Be Present" library="SeleniumLibrary">
<arg>Invalid Credentials. Please try again.</arg>
<doc>Verifies that an alert is present and by default, accepts it.</doc>
<msg timestamp="20231008 20:36:07.092" level="INFO">HANDLE::&lt;class 'NoneType'&gt;::None</msg>
<status status="PASS" starttime="20231008 20:36:07.089" endtime="20231008 20:36:07.111"/>
</kw>
<doc>This test case verifies that invalid credentials result in an error message</doc>
<status status="PASS" starttime="20231008 20:36:06.451" endtime="20231008 20:36:07.114"/>
</test>
<doc>Test Case to check Login Functionality Validity and Invalidity for Company Login</doc>
<status status="PASS" starttime="20231008 20:35:59.248" endtime="20231008 20:36:07.125"/>
</suite>
<statistics>
<total>
<stat pass="5" fail="0" skip="0">All Tests</stat>
</total>
<tag>
</tag>
<suite>
<stat pass="5" fail="0" skip="0" id="s1" name="Company Login Functionalities">Company Login Functionalities</stat>
</suite>
</statistics>
<errors>
<msg timestamp="20231008 20:36:04.055" level="WARN">Multiple tests with name 'Open Website' executed in suite 'Company Login Functionalities'.</msg>
</errors>
</robot>
