<?xml version="1.0" encoding="UTF-8"?>
<robot generator="Robot 6.1.1 (Python 3.7.11 on win32)" generated="20231008 20:21:29.179" rpa="false" schemaversion="4">
<suite id="s1" name="User Login Functionality Testing" source="d:\CDU STUDY MATERIALS\SEMESTER 2\PRT582 SOFTWARE ENGINEERING\job-portal-django\robot\applicant\user_login_functionality_testing\user_login_functionality_testing.robot">
<test id="s1-t1" name="Open Website" line="14">
<kw name="Open Browser" library="SeleniumLibrary">
<arg>${URL}</arg>
<arg>${Browser}</arg>
<doc>Opens a new browser instance to the optional ``url``.</doc>
<msg timestamp="20231008 20:21:29.895" level="INFO">Opening browser 'chrome' to base url 'http://127.0.0.1:8000/user_login/'.</msg>
<status status="PASS" starttime="20231008 20:21:29.892" endtime="20231008 20:21:32.928"/>
</kw>
<doc>This test case verifies that the user is able to open the URL</doc>
<status status="PASS" starttime="20231008 20:21:29.888" endtime="20231008 20:21:32.932"/>
</test>
<test id="s1-t2" name="Login to your account" line="18">
<kw name="Input Text" library="SeleniumLibrary">
<arg>username</arg>
<arg>abc@abc.com</arg>
<doc>Types the given ``text`` into the text field identified by ``locator``.</doc>
<msg timestamp="20231008 20:21:32.947" level="INFO">Typing text 'abc@abc.com' into text field 'username'.</msg>
<status status="PASS" starttime="20231008 20:21:32.943" endtime="20231008 20:21:33.114"/>
</kw>
<kw name="Input Text" library="SeleniumLibrary">
<arg>password</arg>
<arg>abc</arg>
<doc>Types the given ``text`` into the text field identified by ``locator``.</doc>
<msg timestamp="20231008 20:21:33.121" level="INFO">Typing text 'abc' into text field 'password'.</msg>
<status status="PASS" starttime="20231008 20:21:33.115" endtime="20231008 20:21:33.263"/>
</kw>
<kw name="Click Button" library="SeleniumLibrary">
<arg>Submit</arg>
<doc>Clicks the button identified by ``locator``.</doc>
<msg timestamp="20231008 20:21:33.268" level="INFO">Clicking button 'Submit'.</msg>
<status status="PASS" starttime="20231008 20:21:33.265" endtime="20231008 20:21:34.097"/>
</kw>
<doc>This test case verifies a successful login</doc>
<status status="PASS" starttime="20231008 20:21:32.938" endtime="20231008 20:21:34.100"/>
</test>
<test id="s1-t3" name="Logout" line="24">
<kw name="Click Element" library="SeleniumLibrary">
<arg>//a[@href='/logout/']</arg>
<doc>Click the element identified by ``locator``.</doc>
<msg timestamp="20231008 20:21:34.120" level="INFO">Clicking element '//a[@href='/logout/']'.</msg>
<status status="PASS" starttime="20231008 20:21:34.114" endtime="20231008 20:21:34.394"/>
</kw>
<doc>This test case verifies that the user can successfully logout</doc>
<status status="PASS" starttime="20231008 20:21:34.107" endtime="20231008 20:21:34.397"/>
</test>
<test id="s1-t4" name="Open Website" line="28">
<kw name="Open Browser" library="SeleniumLibrary">
<arg>${URL}</arg>
<arg>${Browser}</arg>
<doc>Opens a new browser instance to the optional ``url``.</doc>
<msg timestamp="20231008 20:21:34.420" level="INFO">Opening browser 'chrome' to base url 'http://127.0.0.1:8000/user_login/'.</msg>
<status status="PASS" starttime="20231008 20:21:34.417" endtime="20231008 20:21:36.719"/>
</kw>
<doc>This test case verifies that the user is able to open the URL</doc>
<status status="PASS" starttime="20231008 20:21:34.408" endtime="20231008 20:21:36.723"/>
</test>
<test id="s1-t5" name="Login with Invalid Credentials" line="32">
<kw name="Input Text" library="SeleniumLibrary">
<arg>username</arg>
<arg>invalid_user@abc.com</arg>
<doc>Types the given ``text`` into the text field identified by ``locator``.</doc>
<msg timestamp="20231008 20:21:36.747" level="INFO">Typing text 'invalid_user@abc.com' into text field 'username'.</msg>
<status status="PASS" starttime="20231008 20:21:36.744" endtime="20231008 20:21:36.936"/>
</kw>
<kw name="Input Text" library="SeleniumLibrary">
<arg>password</arg>
<arg>invalid_password</arg>
<doc>Types the given ``text`` into the text field identified by ``locator``.</doc>
<msg timestamp="20231008 20:21:36.943" level="INFO">Typing text 'invalid_password' into text field 'password'.</msg>
<status status="PASS" starttime="20231008 20:21:36.938" endtime="20231008 20:21:37.088"/>
</kw>
<kw name="Click Button" library="SeleniumLibrary">
<arg>Submit</arg>
<doc>Clicks the button identified by ``locator``.</doc>
<msg timestamp="20231008 20:21:37.095" level="INFO">Clicking button 'Submit'.</msg>
<status status="PASS" starttime="20231008 20:21:37.090" endtime="20231008 20:21:37.416"/>
</kw>
<kw name="Alert Should Be Present" library="SeleniumLibrary">
<arg>Invalid Credentials. Please try again.</arg>
<doc>Verifies that an alert is present and by default, accepts it.</doc>
<msg timestamp="20231008 20:21:37.422" level="INFO">HANDLE::&lt;class 'NoneType'&gt;::None</msg>
<status status="PASS" starttime="20231008 20:21:37.419" endtime="20231008 20:21:37.448"/>
</kw>
<doc>This test case verifies that invalid credentials result in an error message</doc>
<status status="PASS" starttime="20231008 20:21:36.731" endtime="20231008 20:21:37.452"/>
</test>
<doc>Test case to check both Login Functionality Validity and Invalidity</doc>
<status status="PASS" starttime="20231008 20:21:29.200" endtime="20231008 20:21:37.463"/>
</suite>
<statistics>
<total>
<stat pass="5" fail="0" skip="0">All Tests</stat>
</total>
<tag>
</tag>
<suite>
<stat pass="5" fail="0" skip="0" id="s1" name="User Login Functionality Testing">User Login Functionality Testing</stat>
</suite>
</statistics>
<errors>
<msg timestamp="20231008 20:21:34.405" level="WARN">Multiple tests with name 'Open Website' executed in suite 'User Login Functionality Testing'.</msg>
</errors>
</robot>
