<?xml version="1.0" encoding="UTF-8"?>
<robot generator="Robot 6.1.1 (Python 3.7.11 on win32)" generated="20231008 20:34:31.254" rpa="false" schemaversion="4">
<suite id="s1" name="Company Login Add Jobs" source="d:\CDU STUDY MATERIALS\SEMESTER 2\PRT582 SOFTWARE ENGINEERING\job-portal-django\robot\company\company_login_add_jobs\company_login_add_jobs.robot">
<test id="s1-t1" name="Open Website" line="14">
<kw name="Open Browser" library="SeleniumLibrary">
<arg>${URL}</arg>
<arg>${Browser}</arg>
<doc>Opens a new browser instance to the optional ``url``.</doc>
<msg timestamp="20231008 20:34:31.977" level="INFO">Opening browser 'chrome' to base url 'http://127.0.0.1:8000/company_login/'.</msg>
<status status="PASS" starttime="20231008 20:34:31.974" endtime="20231008 20:34:34.310"/>
</kw>
<doc>This test case verifies that the user is able to open the URL</doc>
<status status="PASS" starttime="20231008 20:34:31.969" endtime="20231008 20:34:34.314"/>
</test>
<test id="s1-t2" name="Login to your account" line="18">
<kw name="Input Text" library="SeleniumLibrary">
<arg>username</arg>
<arg>company@company.com</arg>
<doc>Types the given ``text`` into the text field identified by ``locator``.</doc>
<msg timestamp="20231008 20:34:34.332" level="INFO">Typing text 'company@company.com' into text field 'username'.</msg>
<status status="PASS" starttime="20231008 20:34:34.328" endtime="20231008 20:34:34.477"/>
</kw>
<kw name="Input Text" library="SeleniumLibrary">
<arg>password</arg>
<arg>company</arg>
<doc>Types the given ``text`` into the text field identified by ``locator``.</doc>
<msg timestamp="20231008 20:34:34.482" level="INFO">Typing text 'company' into text field 'password'.</msg>
<status status="PASS" starttime="20231008 20:34:34.479" endtime="20231008 20:34:34.614"/>
</kw>
<kw name="Click Button" library="SeleniumLibrary">
<arg>Submit</arg>
<doc>Clicks the button identified by ``locator``.</doc>
<msg timestamp="20231008 20:34:34.618" level="INFO">Clicking button 'Submit'.</msg>
<status status="PASS" starttime="20231008 20:34:34.615" endtime="20231008 20:34:35.336"/>
</kw>
<doc>This test case verifies a successful login</doc>
<status status="PASS" starttime="20231008 20:34:34.321" endtime="20231008 20:34:35.337"/>
</test>
<test id="s1-t3" name="Navigate to Another Page for Adding Job" line="24">
<kw name="Go To" library="SeleniumLibrary">
<arg>http://127.0.0.1:8000/add_job/</arg>
<doc>Navigates the current browser window to the provided ``url``.</doc>
<msg timestamp="20231008 20:34:35.346" level="INFO">Opening url 'http://127.0.0.1:8000/add_job/'</msg>
<status status="PASS" starttime="20231008 20:34:35.344" endtime="20231008 20:34:35.480"/>
</kw>
<doc>This test case navigates to another page after logging in</doc>
<status status="PASS" starttime="20231008 20:34:35.340" endtime="20231008 20:34:35.482"/>
</test>
<test id="s1-t4" name="Add Job to the portal" line="28">
<kw name="Input Text" library="SeleniumLibrary">
<arg>job_title</arg>
<arg>Test Job</arg>
<doc>Types the given ``text`` into the text field identified by ``locator``.</doc>
<msg timestamp="20231008 20:34:35.496" level="INFO">Typing text 'Test Job' into text field 'job_title'.</msg>
<status status="PASS" starttime="20231008 20:34:35.493" endtime="20231008 20:34:35.632"/>
</kw>
<kw name="Input Text" library="SeleniumLibrary">
<arg>start_date</arg>
<arg>01-01-2021</arg>
<doc>Types the given ``text`` into the text field identified by ``locator``.</doc>
<msg timestamp="20231008 20:34:35.640" level="INFO">Typing text '01-01-2021' into text field 'start_date'.</msg>
<status status="PASS" starttime="20231008 20:34:35.634" endtime="20231008 20:34:35.762"/>
</kw>
<kw name="Input Text" library="SeleniumLibrary">
<arg>end_date</arg>
<arg>01-01-2024</arg>
<doc>Types the given ``text`` into the text field identified by ``locator``.</doc>
<msg timestamp="20231008 20:34:35.767" level="INFO">Typing text '01-01-2024' into text field 'end_date'.</msg>
<status status="PASS" starttime="20231008 20:34:35.764" endtime="20231008 20:34:35.902"/>
</kw>
<kw name="Input Text" library="SeleniumLibrary">
<arg>experience</arg>
<arg>5</arg>
<doc>Types the given ``text`` into the text field identified by ``locator``.</doc>
<msg timestamp="20231008 20:34:35.909" level="INFO">Typing text '5' into text field 'experience'.</msg>
<status status="PASS" starttime="20231008 20:34:35.903" endtime="20231008 20:34:36.052"/>
</kw>
<kw name="Input Text" library="SeleniumLibrary">
<arg>salary</arg>
<arg>20000</arg>
<doc>Types the given ``text`` into the text field identified by ``locator``.</doc>
<msg timestamp="20231008 20:34:36.058" level="INFO">Typing text '20000' into text field 'salary'.</msg>
<status status="PASS" starttime="20231008 20:34:36.055" endtime="20231008 20:34:36.178"/>
</kw>
<kw name="Input Text" library="SeleniumLibrary">
<arg>skills</arg>
<arg>Skill_1, skills_2, skills_3</arg>
<doc>Types the given ``text`` into the text field identified by ``locator``.</doc>
<msg timestamp="20231008 20:34:36.184" level="INFO">Typing text 'Skill_1, skills_2, skills_3' into text field 'skills'.</msg>
<status status="PASS" starttime="20231008 20:34:36.181" endtime="20231008 20:34:36.336"/>
</kw>
<kw name="Input Text" library="SeleniumLibrary">
<arg>location</arg>
<arg>test_location</arg>
<doc>Types the given ``text`` into the text field identified by ``locator``.</doc>
<msg timestamp="20231008 20:34:36.342" level="INFO">Typing text 'test_location' into text field 'location'.</msg>
<status status="PASS" starttime="20231008 20:34:36.339" endtime="20231008 20:34:36.477"/>
</kw>
<kw name="Input Text" library="SeleniumLibrary">
<arg>description</arg>
<arg>Test job description</arg>
<doc>Types the given ``text`` into the text field identified by ``locator``.</doc>
<msg timestamp="20231008 20:34:36.481" level="INFO">Typing text 'Test job description' into text field 'description'.</msg>
<status status="PASS" starttime="20231008 20:34:36.479" endtime="20231008 20:34:36.612"/>
</kw>
<kw name="Click Button" library="SeleniumLibrary">
<arg>Submit</arg>
<doc>Clicks the button identified by ``locator``.</doc>
<msg timestamp="20231008 20:34:36.619" level="INFO">Clicking button 'Submit'.</msg>
<status status="PASS" starttime="20231008 20:34:36.613" endtime="20231008 20:34:36.931"/>
</kw>
<kw name="Alert Should Be Present" library="SeleniumLibrary">
<arg>Job added successfully.</arg>
<doc>Verifies that an alert is present and by default, accepts it.</doc>
<msg timestamp="20231008 20:34:36.937" level="INFO">HANDLE::&lt;class 'NoneType'&gt;::None</msg>
<status status="PASS" starttime="20231008 20:34:36.934" endtime="20231008 20:34:36.951"/>
</kw>
<doc>This test case enters the required details and posts a job</doc>
<status status="PASS" starttime="20231008 20:34:35.487" endtime="20231008 20:34:36.954"/>
</test>
<doc>Test case to check whether a Company User can Add jobs to the portal</doc>
<status status="PASS" starttime="20231008 20:34:31.273" endtime="20231008 20:34:36.963"/>
</suite>
<statistics>
<total>
<stat pass="4" fail="0" skip="0">All Tests</stat>
</total>
<tag>
</tag>
<suite>
<stat pass="4" fail="0" skip="0" id="s1" name="Company Login Add Jobs">Company Login Add Jobs</stat>
</suite>
</statistics>
<errors>
</errors>
</robot>
